2026-04-16 11:20:14.191 [main] ERROR o.h.e.jdbc.spi.SqlExceptionHelper - Подсоединение по адресу localhost:5432 отклонено. Проверьте что хост и порт указаны правильно и что postmaster принимает TCP/IP-подсоединения.
2026-04-16 11:20:14.218 [main] ERROR o.s.o.j.LocalContainerEntityManagerFactoryBean - Failed to initialize JPA EntityManagerFactory: Unable to create requested service [org.hibernate.engine.jdbc.env.spi.JdbcEnvironment] due to: Unable to determine Dialect without JDBC metadata (please set 'jakarta.persistence.jdbc.url' for common cases or 'hibernate.dialect' when a custom Dialect implementation must be provided)
2026-04-16 11:20:14.263 [main] ERROR o.s.boot.SpringApplication - Application run failed
org.springframework.beans.factory.BeanCreationException: Error creating bean with name 'entityManagerFactory' defined in class path resource [org/springframework/boot/autoconfigure/orm/jpa/HibernateJpaConfiguration.class]: Unable to create requested service [org.hibernate.engine.jdbc.env.spi.JdbcEnvironment] due to: Unable to determine Dialect without JDBC metadata (please set 'jakarta.persistence.jdbc.url' for common cases or 'hibernate.dialect' when a custom Dialect implementation must be provided)
	at org.springframework.beans.factory.support.AbstractAutowireCapableBeanFactory.initializeBean(AbstractAutowireCapableBeanFactory.java:1808)
	at org.springframework.beans.factory.support.AbstractAutowireCapableBeanFactory.doCreateBean(AbstractAutowireCapableBeanFactory.java:601)
	at org.springframework.beans.factory.support.AbstractAutowireCapableBeanFactory.createBean(AbstractAutowireCapableBeanFactory.java:523)
	at org.springframework.beans.factory.support.AbstractBeanFactory.lambda$doGetBean$0(AbstractBeanFactory.java:336)
	at org.springframework.beans.factory.support.DefaultSingletonBeanRegistry.getSingleton(DefaultSingletonBeanRegistry.java:289)
	at org.springframework.beans.factory.support.AbstractBeanFactory.doGetBean(AbstractBeanFactory.java:334)
	at org.springframework.beans.factory.support.AbstractBeanFactory.getBean(AbstractBeanFactory.java:204)
	at org.springframework.context.support.AbstractApplicationContext.finishBeanFactoryInitialization(AbstractApplicationContext.java:970)
	at org.springframework.context.support.AbstractApplicationContext.refresh(AbstractApplicationContext.java:627)
	at org.springframework.boot.web.servlet.context.ServletWebServerApplicationContext.refresh(ServletWebServerApplicationContext.java:146)
	at org.springframework.boot.SpringApplication.refresh(SpringApplication.java:752)
	at org.springframework.boot.SpringApplication.refreshContext(SpringApplication.java:439)
	at org.springframework.boot.SpringApplication.run(SpringApplication.java:318)
	at org.springframework.boot.SpringApplication.run(SpringApplication.java:1361)
	at org.springframework.boot.SpringApplication.run(SpringApplication.java:1350)
	at by.bycar.carservice.CarServiceApplication.main(CarServiceApplication.java:11)
Caused by: org.hibernate.service.spi.ServiceException: Unable to create requested service [org.hibernate.engine.jdbc.env.spi.JdbcEnvironment] due to: Unable to determine Dialect without JDBC metadata (please set 'jakarta.persistence.jdbc.url' for common cases or 'hibernate.dialect' when a custom Dialect implementation must be provided)
	at org.hibernate.service.internal.AbstractServiceRegistryImpl.createService(AbstractServiceRegistryImpl.java:276)
	at org.hibernate.service.internal.AbstractServiceRegistryImpl.initializeService(AbstractServiceRegistryImpl.java:238)
	at org.hibernate.service.internal.AbstractServiceRegistryImpl.getService(AbstractServiceRegistryImpl.java:215)
	at org.hibernate.boot.model.relational.Database.<init>(Database.java:45)
	at org.hibernate.boot.internal.InFlightMetadataCollectorImpl.getDatabase(InFlightMetadataCollectorImpl.java:226)
	at org.hibernate.boot.internal.InFlightMetadataCollectorImpl.<init>(InFlightMetadataCollectorImpl.java:194)
	at org.hibernate.boot.model.process.spi.MetadataBuildingProcess.complete(MetadataBuildingProcess.java:171)
	at org.hibernate.jpa.boot.internal.EntityManagerFactoryBuilderImpl.metadata(EntityManagerFactoryBuilderImpl.java:1431)
	at org.hibernate.jpa.boot.internal.EntityManagerFactoryBuilderImpl.build(EntityManagerFactoryBuilderImpl.java:1502)
	at org.springframework.orm.jpa.vendor.SpringHibernateJpaPersistenceProvider.createContainerEntityManagerFactory(SpringHibernateJpaPersistenceProvider.java:66)
	at org.springframework.orm.jpa.LocalContainerEntityManagerFactoryBean.createNativeEntityManagerFactory(LocalContainerEntityManagerFactoryBean.java:390)
	at org.springframework.orm.jpa.AbstractEntityManagerFactoryBean.buildNativeEntityManagerFactory(AbstractEntityManagerFactoryBean.java:419)
	at org.springframework.orm.jpa.AbstractEntityManagerFactoryBean.afterPropertiesSet(AbstractEntityManagerFactoryBean.java:400)
	at org.springframework.orm.jpa.LocalContainerEntityManagerFactoryBean.afterPropertiesSet(LocalContainerEntityManagerFactoryBean.java:366)
	at org.springframework.beans.factory.support.AbstractAutowireCapableBeanFactory.invokeInitMethods(AbstractAutowireCapableBeanFactory.java:1855)
	at org.springframework.beans.factory.support.AbstractAutowireCapableBeanFactory.initializeBean(AbstractAutowireCapableBeanFactory.java:1804)
	... 15 common frames omitted
Caused by: org.hibernate.HibernateException: Unable to determine Dialect without JDBC metadata (please set 'jakarta.persistence.jdbc.url' for common cases or 'hibernate.dialect' when a custom Dialect implementation must be provided)
	at org.hibernate.engine.jdbc.dialect.internal.DialectFactoryImpl.determineDialect(DialectFactoryImpl.java:191)
	at org.hibernate.engine.jdbc.dialect.internal.DialectFactoryImpl.buildDialect(DialectFactoryImpl.java:87)
	at org.hibernate.engine.jdbc.env.internal.JdbcEnvironmentInitiator.getJdbcEnvironmentWithDefaults(JdbcEnvironmentInitiator.java:181)
	at org.hibernate.engine.jdbc.env.internal.JdbcEnvironmentInitiator.getJdbcEnvironmentUsingJdbcMetadata(JdbcEnvironmentInitiator.java:392)
	at org.hibernate.engine.jdbc.env.internal.JdbcEnvironmentInitiator.initiateService(JdbcEnvironmentInitiator.java:129)
	at org.hibernate.engine.jdbc.env.internal.JdbcEnvironmentInitiator.initiateService(JdbcEnvironmentInitiator.java:81)
	at org.hibernate.boot.registry.internal.StandardServiceRegistryImpl.initiateService(StandardServiceRegistryImpl.java:130)
	at org.hibernate.service.internal.AbstractServiceRegistryImpl.createService(AbstractServiceRegistryImpl.java:263)
	... 30 common frames omitted
2026-04-16 11:24:41.797 [http-nio-8080-exec-3] ERROR b.b.c.e.GlobalExceptionHandler - 404_NOT_FOUND Искусственный сбой транзакции /api/feature/bulk
2026-04-16 11:25:04.410 [http-nio-8080-exec-4] ERROR b.b.c.e.GlobalExceptionHandler - 404_NOT_FOUND Искусственный сбой транзакции /api/feature/bulk
2026-04-16 11:25:26.720 [http-nio-8080-exec-6] ERROR b.b.c.e.GlobalExceptionHandler - 404_NOT_FOUND Искусственный сбой транзакции /api/feature/bulk
2026-04-16 11:29:02.446 [http-nio-8080-exec-3] ERROR b.b.c.e.GlobalExceptionHandler - 500_INTERNAL_SERVER_ERROR Искусственный сбой транзакции /api/feature/bulk
2026-04-16 11:48:43.065 [http-nio-8080-exec-6] ERROR b.b.c.e.GlobalExceptionHandler - 500_INTERNAL_SERVER_ERROR Искусственный сбой транзакции /api/feature/bulk
2026-04-16 13:52:31.156 [http-nio-8080-exec-2] ERROR b.b.c.e.GlobalExceptionHandler - 500_INTERNAL_SERVER_ERROR Искусственный сбой транзакции /api/feature/bulk
2026-04-16 13:52:45.289 [http-nio-8080-exec-8] ERROR b.b.c.e.GlobalExceptionHandler - 500_INTERNAL_SERVER_ERROR Искусственный сбой транзакции /api/feature/bulk
2026-04-16 13:52:57.277 [http-nio-8080-exec-9] ERROR b.b.c.e.GlobalExceptionHandler - 500_INTERNAL_SERVER_ERROR Искусственный сбой транзакции /api/feature/bulk
2026-04-16 13:53:04.965 [http-nio-8080-exec-4] ERROR b.b.c.e.GlobalExceptionHandler - 500_INTERNAL_SERVER_ERROR Искусственный сбой транзакции /api/feature/bulk
2026-04-16 13:53:28.753 [http-nio-8080-exec-2] ERROR b.b.c.e.GlobalExceptionHandler - 500_INTERNAL_SERVER_ERROR Искусственный сбой транзакции /api/feature/bulk
2026-04-16 13:54:39.735 [http-nio-8080-exec-4] ERROR b.b.c.e.GlobalExceptionHandler - 500_INTERNAL_SERVER_ERROR Искусственный сбой транзакции /api/feature/bulk
2026-04-16 13:55:14.795 [http-nio-8080-exec-7] ERROR b.b.c.e.GlobalExceptionHandler - 500_INTERNAL_SERVER_ERROR Искусственный сбой транзакции /api/feature/bulk
2026-04-16 13:55:37.519 [http-nio-8080-exec-2] ERROR b.b.c.e.GlobalExceptionHandler - 500_INTERNAL_SERVER_ERROR Искусственный сбой транзакции /api/feature/bulk
2026-04-16 13:56:10.428 [http-nio-8080-exec-2] ERROR b.b.c.e.GlobalExceptionHandler - 500_INTERNAL_SERVER_ERROR Искусственный сбой транзакции /api/feature/bulk
2026-04-16 13:56:59.535 [http-nio-8080-exec-2] ERROR b.b.c.e.GlobalExceptionHandler - 500_INTERNAL_SERVER_ERROR Искусственный сбой транзакции /api/feature/bulk
2026-04-16 13:57:40.748 [http-nio-8080-exec-1] ERROR b.b.c.e.GlobalExceptionHandler - 500_INTERNAL_SERVER_ERROR Искусственный сбой транзакции /api/feature/bulk
2026-04-16 14:01:03.485 [http-nio-8080-exec-6] ERROR b.b.c.e.GlobalExceptionHandler - 500_INTERNAL_SERVER_ERROR Искусственный сбой транзакции /api/feature/bulk
2026-04-16 14:21:26.230 [http-nio-8080-exec-8] ERROR b.b.c.e.GlobalExceptionHandler - 500_INTERNAL_SERVER_ERROR Искусственный сбой транзакции /api/feature/bulk
2026-04-16 14:22:44.961 [http-nio-8080-exec-1] ERROR b.b.c.e.GlobalExceptionHandler - 500_INTERNAL_SERVER_ERROR Искусственный сбой транзакции /api/feature/bulk
